 
****************************************
Report : area
Design : DLX
Version: S-2021.06-SP4
Date   : Sat Jul  6 02:29:41 2024
****************************************

Library(s) Used:

    NangateOpenCellLibrary (File: /home/mariagrazia.graziano/do/libnangate/NangateOpenCellLibrary_typical_ecsm.db)

Number of ports:                         1678
Number of nets:                        212599
Number of cells:                       197589
Number of combinational cells:         163158
Number of sequential cells:             34382
Number of macros/black boxes:               0
Number of buf/inv:                      10824
Number of references:                      25

Combinational area:             176685.180712
Buf/Inv area:                     8077.356009
Noncombinational area:          167318.255600
Macro/Black Box area:                0.000000
Net Interconnect area:      undefined  (Wire load has zero net area)

Total cell area:                344003.436312
Total area:                 undefined
1
